2025-08-06 01:44:46 INFO  [main] dev.ngspace.ngsweb.NgswebApplication - Starting NgswebApplication using Java 21.0.8 with PID 71285 (/mnt/datassd/Projects/NNU/ngsweb/bin/main started by computer in /mnt/datassd/Projects/NNU/ngsweb)
2025-08-06 01:44:46 INFO  [main] dev.ngspace.ngsweb.NgswebApplication - No active profile set, falling back to 1 default profile: "default"
2025-08-06 01:44:47 INFO  [main] org.springframework.boot.web.embedded.tomcat.TomcatWebServer - Tomcat initialized with port 9090 (http)
2025-08-06 01:44:47 INFO  [main] org.apache.coyote.http11.Http11NioProtocol - Initializing ProtocolHandler ["http-nio-9090"]
2025-08-06 01:44:47 INFO  [main] org.apache.catalina.core.StandardService - Starting service [Tomcat]
2025-08-06 01:44:47 INFO  [main] org.apache.catalina.core.StandardEngine - Starting Servlet engine: [Apache Tomcat/10.1.43]
2025-08-06 01:44:47 INFO  [main] org.apache.catalina.core.ContainerBase.[Tomcat].[localhost].[/] - Initializing Spring embedded WebApplicationContext
2025-08-06 01:44:47 INFO  [main] org.springframework.boot.web.servlet.context.ServletWebServerApplicationContext - Root WebApplicationContext: initialization completed in 808 ms
2025-08-06 01:44:47 INFO  [main] dev.ngspace.ngsweb.NGSWebController - Processing pageserver: /test/*
2025-08-06 01:44:47 INFO  [main] dev.ngspace.ngsweb.NGSWebController - Processing pageserver: /*
2025-08-06 01:44:47 INFO  [main] dev.ngspace.ngsweb.NGSWebController - Processing pageserver: /Styles/*
2025-08-06 01:44:47 INFO  [main] dev.ngspace.ngsweb.NGSWebController - Processing pageserver: /Images/*
2025-08-06 01:44:47 INFO  [main] org.apache.coyote.http11.Http11NioProtocol - Starting ProtocolHandler ["http-nio-9090"]
2025-08-06 01:44:47 WARN  [main] org.springframework.boot.web.servlet.context.AnnotationConfigServletWebServerApplicationContext - Exception encountered during context initialization - cancelling refresh attempt: org.springframework.context.ApplicationContextException: Failed to start bean 'webServerStartStop'
2025-08-06 01:44:47 INFO  [main] org.springframework.boot.autoconfigure.logging.ConditionEvaluationReportLogger - 

Error starting ApplicationContext. To display the condition evaluation report re-run your application with 'debug' enabled.
2025-08-06 01:44:47 ERROR [main] org.springframework.boot.diagnostics.LoggingFailureAnalysisReporter - 

***************************
APPLICATION FAILED TO START
***************************

Description:

Web server failed to start. Port 9090 was already in use.

Action:

Identify and stop the process that's listening on port 9090 or configure this application to listen on another port.

